make all --print-data-base --no-builtin-variables --no-builtin-rules --question
# GNU Make 3.81
# Copyright (C) 2006  Free Software Foundation, Inc.
# This is free software; see the source for copying conditions.
# There is NO warranty; not even for MERCHANTABILITY or FITNESS FOR A
# PARTICULAR PURPOSE.

# This program built for i386-apple-darwin11.3.0
 
make: *** No rule to make target `all'.  Stop.


# Make data base, printed on Fri Jun 24 10:49:11 2022

# Variables

# automatic
<D = $(patsubst %/,%,$(dir $<))
# automatic
?F = $(notdir $?)
# environment
VSCODE_LOG_NATIVE = false
# automatic
?D = $(patsubst %/,%,$(dir $?))
# automatic
@D = $(patsubst %/,%,$(dir $@))
# automatic
@F = $(notdir $@)
# makefile
CURDIR := /Users/wangjingxuan/go/src/github.com/textileio/go-mail
# makefile
SHELL = /bin/sh
# makefile (from `.bingo/Variables.mk', line 5)
GO = $(shell which go)
# environment
VSCODE_NLS_CONFIG = {"locale":"zh-cn","availableLanguages":{"*":"zh-cn"},"_languagePackId":"1a7316c624e1dd66d26cf581ee0fb4ca.zh-cn","_translationsConfigFile":"/Users/wangjingxuan/Library/Application Support/Code/clp/1a7316c624e1dd66d26cf581ee0fb4ca.zh-cn/tcf.json","_cacheRoot":"/Users/wangjingxuan/Library/Application Support/Code/clp/1a7316c624e1dd66d26cf581ee0fb4ca.zh-cn","_resolvedLanguagePackCoreLocation":"/Users/wangjingxuan/Library/Application Support/Code/clp/1a7316c624e1dd66d26cf581ee0fb4ca.zh-cn/8dfae7a5cd50421d10cd99cb873990460525a898","_corruptedFile":"/Users/wangjingxuan/Library/Application Support/Code/clp/1a7316c624e1dd66d26cf581ee0fb4ca.zh-cn/corrupted.info","_languagePackSupport":true}
# environment
_ = /usr/bin/make
# makefile (from `Makefile', line 6)
BIN_VERSION = "git"
# makefile (from `.bingo/Variables.mk', line 1)
MAKEFILE_LIST :=  Makefile .bingo/Variables.mk
# environment
VSCODE_AMD_ENTRYPOINT = vs/workbench/api/node/extensionHostProcess
# environment
VSCODE_VERBOSE_LOGGING = true
# environment
__CFBundleIdentifier = com.microsoft.VSCode
# environment
INFOPATH = /opt/homebrew/share/info:
# environment
P9K_SSH = 0
# environment
VSCODE_IPC_HOOK_EXTHOST = /var/folders/1b/fr45p_sd2vz5h65pymc2t5v40000gn/T/vscode-ipc-7e8e131b-b15b-4116-9009-a1b4bb9fc416.sock
# environment
VSCODE_CWD = /
# environment
GOPROXY = https://proxy.golang.org,direct
# environment
PATH = /opt/homebrew/bin:/opt/homebrew/sbin:/usr/local/bin:/usr/bin:/bin:/usr/sbin:/sbin:/usr/local/go/bin:/Users/wangjingxuan/.cargo/bin
# makefile (from `Makefile', line 33)
define gen_release_files
	$(GOX) -osarch=$(3) -output="build/$(2)/$(2)_${BIN_VERSION}_{{.OS}}-{{.Arch}}/$(2)" -ldflags="${GOVVV_FLAGS}" $(1)
	mkdir -p build/dist; cd build/$(2); for release in *; do cp ../../LICENSE ../../README.md $${release}/; if [ $${release} != *"windows"* ]; then BIN_FILE=$(2) $(GOMPLATE) -f ../../dist/install.tmpl -o "$${release}/install"; tar -czvf ../dist/$${release}.tar.gz $${release}; else zip -r ../dist/$${release}.zip $${release}; fi; done
endef
# environment
GOPATH = /Users/wangjingxuan/go
# environment
VSCODE_LOG_STACK = false
# environment
ELECTRON_RUN_AS_NODE = 1
# default
.FEATURES := target-specific order-only second-expansion else-if archives jobserver check-symlink
# environment
SSH_AUTH_SOCK = /private/tmp/com.apple.launchd.XjAMa9yyyO/Listeners
# automatic
%F = $(notdir $%)
# makefile (from `.bingo/Variables.mk', line 4)
GOBIN = $(firstword $(subst :, ,${GOPATH}))/bin
# environment
VSCODE_PIPE_LOGGING = true
# environment
PWD = /Users/wangjingxuan/go/src/github.com/textileio/go-mail
# environment
HOMEBREW_CELLAR = /opt/homebrew/Cellar
# makefile (from `.bingo/Variables.mk', line 19)
BUF := /Users/wangjingxuan/go/bin/buf-v0.20.5
# environment
ORIGINAL_XDG_CURRENT_DESKTOP = undefined
# environment
MANPATH = /opt/homebrew/share/man::
# environment
GOMODCACHE = /Users/wangjingxuan/go/pkg/mod
# environment
HOME = /Users/wangjingxuan
# default
MAKEFILEPATH = $(shell /usr/bin/xcode-select -print-path 2>/dev/null || echo /Developer)/Makefiles
# environment
VSCODE_CODE_CACHE_PATH = /Users/wangjingxuan/Library/Application Support/Code/CachedData/8dfae7a5cd50421d10cd99cb873990460525a898
# environment
 
LOGNAME = wangjingxuan
# environment
APPLICATION_INSIGHTS_NO_DIAGNOSTIC_CHANNEL = 1
# environment
VSCODE_HANDLES_UNCAUGHT_ERRORS = true
# makefile (from `Makefile', line 7)
GOVVV_FLAGS = $(shell $(GOVVV) -flags -version $(BIN_VERSION) -pkg $(shell go list ./buildinfo))
# automatic
^D = $(patsubst %/,%,$(dir $^))
# environment
XPC_FLAGS = 0x0
# default
MAKE = $(MAKE_COMMAND)
# default
MAKECMDGOALS := all
# environment
SHLVL = 1
# makefile (from `Makefile', line 87)
PROTOCGENGO = $(shell pwd)/buildtools/protoc-gen-go
# makefile (from `.bingo/Variables.mk', line 49)
PROTOC_GEN_BUF_CHECK_LINT := /Users/wangjingxuan/go/bin/protoc-gen-buf-check-lint-v0.20.5
# default
MAKE_VERSION := 3.81
# environment
USER = wangjingxuan
# makefile (from `Makefile', line 3)
.DEFAULT_GOAL = build
# automatic
%D = $(patsubst %/,%,$(dir $%))
# default
MAKE_COMMAND := /Library/Developer/CommandLineTools/usr/bin/make
# default
.VARIABLES := 
# environment
TMPDIR = /var/folders/1b/fr45p_sd2vz5h65pymc2t5v40000gn/T/
# automatic
*F = $(notdir $*)
# environment
VSCODE_IPC_HOOK = /Users/wangjingxuan/Library/Application Support/Code/1.66.1-main.sock
# makefile
MAKEFLAGS = Rrqp
# environment
MFLAGS = -Rrqp
# automatic
*D = $(patsubst %/,%,$(dir $*))
# environment
XPC_SERVICE_NAME = application.com.microsoft.VSCode.317187.317193
# environment
HOMEBREW_PREFIX = /opt/homebrew
# automatic
+D = $(patsubst %/,%,$(dir $+))
# automatic
+F = $(notdir $+)
# makefile (from `.bingo/Variables.mk', line 31)
GOVVV := /Users/wangjingxuan/go/bin/govvv-v0.3.0
# environment
HOMEBREW_REPOSITORY = /opt/homebrew
# makefile (from `Makefile', line 5)
BIN_BUILD_FLAGS = CGO_ENABLED=0
# environment
__CF_USER_TEXT_ENCODING = 0x1F5:0x19:0x34
# environment
COMMAND_MODE = unix2003
# default
MAKEFILES := 
# automatic
<F = $(notdir $<)
# makefile (from `.bingo/Variables.mk', line 37)
GOX := /Users/wangjingxuan/go/bin/gox-v1.0.1
# environment
LC_ALL = C
# automatic
^F = $(notdir $^)
# default
SUFFIXES := 
# default
.INCLUDE_DIRS = /usr/local/include
# makefile (from `.bingo/Variables.mk', line 43)
PROTOC_GEN_BUF_CHECK_BREAKING := /Users/wangjingxuan/go/bin/protoc-gen-buf-check-breaking-v0.20.5
# makefile (from `.bingo/Variables.mk', line 25)
GOMPLATE := /Users/wangjingxuan/go/bin/gomplate-v3.8.0
# environment
MAKELEVEL := 0
# environment
LANG = C
# environment
VSCODE_PID = 780
# variable set hash-table stats:
# Load=84/1024=8%, Rehash=0, Collisions=4/149=3%

# Pattern-specific Variable Values

# No pattern-specific variable values.

# Directories

# . (device 16777232, inode 6263923): 20 files, no impossibilities.

# 20 files, no impossibilities in 1 directories.

# Implicit Rules

# No implicit rules.

# Files

js-protos: install-protoc clean-js-protos
#  Implicit rule search has not been done.
#  Modification time never checked.
#  File has not been updated.
#  commands to execute (from `Makefile', line 97):
	./scripts/gen_js_protos.bash
	

install-protoc:
#  Implicit rule search has not been done.
#  Modification time never checked.
#  File has not been updated.
#  commands to execute (from `Makefile', line 85):
	cd buildtools && ./install_protoc.bash
	

/Users/wangjingxuan/go/bin/gomplate-v3.8.0: .bingo/gomplate.mod
#  Implicit rule search has not been done.
#  Modification time never checked.
#  File has not been updated.
#  commands to execute (from `.bingo/Variables.mk', line 27):
	@# Install binary/ries using Go 1.14+ build command. This is using bwplotka/bingo-controlled, separate go module with pinned dependencies.
	@echo "(re)installing $(GOBIN)/gomplate-v3.8.0"
	@cd .bingo && $(GO) build -mod=mod -modfile=gomplate.mod -o=$(GOBIN)/gomplate-v3.8.0 "github.com/hairyhenderson/gomplate/v3/cmd/gomplate"
	

build-mail: /Users/wangjingxuan/go/bin/govvv-v0.3.0
#  Phony target (prerequisite of .PHONY).
#  Implicit rule search has not been done.
#  File does not exist.
#  File has not been updated.
#  commands to execute (from `Makefile', line 14):
	$(BIN_BUILD_FLAGS) go build -ldflags="${GOVVV_FLAGS}" ./cmd/mail
	

mail-stop:
#  Implicit rule search has not been done.
#  Modification time never checked.
#  File has not been updated.
#  commands to execute (from `Makefile', line 63):
	docker-compose -f cmd/maild/docker-compose-dev.yml stop
	

# Not a target:
.bingo/gomplate.mod:
#  Implicit rule search has not been done.
#  Modification time never checked.
#  File has not been updated.

# Not a target:
.bingo/protoc-gen-buf-check-lint.mod:
#  Implicit rule search has not been done.
#  Modification time never checked.
#  File has not been updated.

# Not a target:
all:
#  Command-line target.
#  Implicit rule search has been done.
#  File does not exist.
#  File has not been updated.
# variable set hash-table stats:
# Load=0/32=0%, Rehash=0, Collisions=0/0=0%

.PHONY: build build-mail build-maild install install-mail install-maild build-mail-release build-maild-release build-releases test clean-protos clean-js-protos protos buf-local buf-https buf-ssh
#  Implicit rule search has not been done.
#  Modification time never checked.
#  File has not been updated.

protos: install-protoc clean-protos
#  Phony target (prerequisite of .PHONY).
#  Implicit rule search has not been done.
#  File does not exist.
#  File has not been updated.
#  commands to execute (from `Makefile', line 89):
	PATH=$(PROTOCGENGO):$(PATH) ./scripts/protoc_gen_plugin.bash \
	--proto_path=. \
	--plugin_name=go \
	--plugin_out=. \
	--plugin_opt=plugins=grpc,paths=source_relative
	

buf-https: /Users/wangjingxuan/go/bin/buf-v0.20.5
#  Phony target (prerequisite of .PHONY).
#  Implicit rule search has not been done.
#  File does not exist.
#  File has not been updated.
#  commands to execute (from `Makefile', line 110):
	$(BUF) check lint
	# $(BUF) check breaking --against-input "$(HTTPS_GIT)#branch=master"
	

/Users/wangjingxuan/go/bin/protoc-gen-buf-check-breaking-v0.20.5: .bingo/protoc-gen-buf-check-breaking.mod
#  Implicit rule search has not been done.
#  Modification time never checked.
#  File has not been updated.
#  commands to execute (from `.bingo/Variables.mk', line 45):
	@# Install binary/ries using Go 1.14+ build command. This is using bwplotka/bingo-controlled, separate go module with pinned dependencies.
	@echo "(re)installing $(GOBIN)/protoc-gen-buf-check-breaking-v0.20.5"
	@cd .bingo && $(GO) build -mod=mod -modfile=protoc-gen-buf-check-breaking.mod -o=$(GOBIN)/protoc-gen-buf-check-breaking-v0.20.5 "github.com/bufbuild/buf/cmd/protoc-gen-buf-check-breaking"
	

/Users/wangjingxuan/go/bin/gox-v1.0.1: .bingo/gox.mod
#  Implicit rule search has not been done.
#  Modification time never checked.
#  File has not been updated.
#  commands to execute (from `.bingo/Variables.mk', line 39):
	@# Install binary/ries using Go 1.14+ build command. This is using bwplotka/bingo-controlled, separate go module with pinned dependencies.
	@echo "(re)installing $(GOBIN)/gox-v1.0.1"
	@cd .bingo && $(GO) build -mod=mod -modfile=gox.mod -o=$(GOBIN)/gox-v1.0.1 "github.com/mitchellh/gox"
	

# Not a target:
.SUFFIXES:
#  Implicit rule search has not been done.
#  Modification time never checked.
#  File has not been updated.

# Not a target:
.bingo/Variables.mk:
#  Implicit rule search has been done.
#  Last modified 2022-06-16 12:36:48
#  File has been updated.
#  Successfully updated.
# variable set hash-table stats:
# Load=0/32=0%, Rehash=0, Collisions=0/0=0%

# Not a target:
Makefile:
#  Implicit rule search has been done.
#  Last modified 2022-06-16 12:47:37
#  File has been updated.
#  Successfully updated.
# variable set hash-table stats:
# Load=0/32=0%, Rehash=0, Collisions=0/0=0%

# Not a target:
.bingo/buf.mod:
#  Implicit rule search has not been done.
#  Modification time never checked.
#  File has not been updated.

test:
#  Phony target (prerequisite of .PHONY).
#  Implicit rule search has not been done.
#  File does not exist.
#  File has not been updated.
#  commands to execute (from `Makefile', line 69):
	go test -race -timeout 30m ./...
	

mail-up:
#  Implicit rule search has not been done.
#  Modification time never checked.
#  File has not been updated.
#  commands to execute (from `Makefile', line 60):
 
	docker-compose -f cmd/maild/docker-compose-dev.yml up --build
	

/Users/wangjingxuan/go/bin/govvv-v0.3.0: .bingo/govvv.mod
#  Implicit rule search has not been done.
#  Modification time never checked.
#  File has not been updated.
#  commands to execute (from `.bingo/Variables.mk', line 33):
	@# Install binary/ries using Go 1.14+ build command. This is using bwplotka/bingo-controlled, separate go module with pinned dependencies.
	@echo "(re)installing $(GOBIN)/govvv-v0.3.0"
	@cd .bingo && $(GO) build -mod=mod -modfile=govvv.mod -o=$(GOBIN)/govvv-v0.3.0 "github.com/ahmetb/govvv"
	

install-maild: /Users/wangjingxuan/go/bin/govvv-v0.3.0
#  Phony target (prerequisite of .PHONY).
#  Implicit rule search has not been done.
#  File does not exist.
#  File has not been updated.
#  commands to execute (from `Makefile', line 30):
	$(BIN_BUILD_FLAGS) go install -ldflags="${GOVVV_FLAGS}" ./cmd/maild
	

# Not a target:
.bingo/gox.mod:
#  Implicit rule search has not been done.
#  Modification time never checked.
#  File has not been updated.

/Users/wangjingxuan/go/bin/protoc-gen-buf-check-lint-v0.20.5: .bingo/protoc-gen-buf-check-lint.mod
#  Implicit rule search has not been done.
#  Modification time never checked.
#  File has not been updated.
#  commands to execute (from `.bingo/Variables.mk', line 51):
	@# Install binary/ries using Go 1.14+ build command. This is using bwplotka/bingo-controlled, separate go module with pinned dependencies.
	@echo "(re)installing $(GOBIN)/protoc-gen-buf-check-lint-v0.20.5"
	@cd .bingo && $(GO) build -mod=mod -modfile=protoc-gen-buf-check-lint.mod -o=$(GOBIN)/protoc-gen-buf-check-lint-v0.20.5 "github.com/bufbuild/buf/cmd/protoc-gen-buf-check-lint"
	

build-maild-release: /Users/wangjingxuan/go/bin/gox-v1.0.1 /Users/wangjingxuan/go/bin/govvv-v0.3.0 /Users/wangjingxuan/go/bin/gomplate-v3.8.0
#  Phony target (prerequisite of .PHONY).
#  Implicit rule search has not been done.
#  File does not exist.
#  File has not been updated.
#  commands to execute (from `Makefile', line 53):
	$(call gen_release_files,./cmd/maild,maild,"linux/amd64 linux/386 linux/arm darwin/amd64 windows/amd64")
	

# Not a target:
.bingo/govvv.mod:
#  Implicit rule search has not been done.
#  Modification time never checked.
#  File has not been updated.

buf-ssh: /Users/wangjingxuan/go/bin/buf-v0.20.5
#  Phony target (prerequisite of .PHONY).
#  Implicit rule search has not been done.
#  File does not exist.
#  File has not been updated.
#  commands to execute (from `Makefile', line 118):
	$(BUF) check lint
	# $(BUF) check breaking --against-input "$(SSH_GIT)#branch=master"
	

buf-local: /Users/wangjingxuan/go/bin/buf-v0.20.5
#  Phony target (prerequisite of .PHONY).
#  Implicit rule search has not been done.
#  File does not exist.
#  File has not been updated.
#  commands to execute (from `Makefile', line 103):
	$(BUF) check lint
	# $(BUF) check breaking --against-input '.git#branch=master'
	

# Not a target:
.DEFAULT:
#  Implicit rule search has not been done.
#  Modification time never checked.
#  File has not been updated.

clean-js-protos:
#  Phony target (prerequisite of .PHONY).
#  Implicit rule search has not been done.
#  File does not exist.
#  File has not been updated.
#  commands to execute (from `Makefile', line 78):
	find . -type f -name '*pb.js' ! -path "*/node_modules/*" -delete
	find . -type f -name '*pb.d.ts' ! -path "*/node_modules/*" -delete
	find . -type f -name '*pb_service.js' ! -path "*/node_modules/*" -delete
	find . -type f -name '*pb_service.d.ts' ! -path "*/node_modules/*" -delete
	

/Users/wangjingxuan/go/bin/buf-v0.20.5: .bingo/buf.mod
#  Implicit rule search has not been done.
#  Modification time never checked.
#  File has not been updated.
#  commands to execute (from `.bingo/Variables.mk', line 21):
	@# Install binary/ries using Go 1.14+ build command. This is using bwplotka/bingo-controlled, separate go module with pinned dependencies.
	@echo "(re)installing $(GOBIN)/buf-v0.20.5"
	@cd .bingo && $(GO) build -mod=mod -modfile=buf.mod -o=$(GOBIN)/buf-v0.20.5 "github.com/bufbuild/buf/cmd/buf"
	

install-mail: /Users/wangjingxuan/go/bin/govvv-v0.3.0
#  Phony target (prerequisite of .PHONY).
#  Implicit rule search has not been done.
#  File does not exist.
#  File has not been updated.
#  commands to execute (from `Makefile', line 26):
	$(BIN_BUILD_FLAGS) go install -ldflags="${GOVVV_FLAGS}" ./cmd/mail
	

build-mail-release: /Users/wangjingxuan/go/bin/gox-v1.0.1 /Users/wangjingxuan/go/bin/govvv-v0.3.0 /Users/wangjingxuan/go/bin/gomplate-v3.8.0
#  Phony target (prerequisite of .PHONY).
#  Implicit rule search has not been done.
#  File does not exist.
#  File has not been updated.
#  commands to execute (from `Makefile', line 49):
	$(call gen_release_files,./cmd/mail,mail,"linux/amd64 linux/386 linux/arm darwin/amd64 windows/amd64")
	

mail-clean:
#  Implicit rule search has not been done.
#  Modification time never checked.
#  File has not been updated.
#  commands to execute (from `Makefile', line 66):
	docker-compose -f cmd/maild/docker-compose-dev.yml down -v --remove-orphans
	

build-maild: /Users/wangjingxuan/go/bin/govvv-v0.3.0
#  Phony target (prerequisite of .PHONY).
#  Implicit rule search has not been done.
#  File does not exist.
#  File has not been updated.
#  commands to execute (from `Makefile', line 18):
	$(BIN_BUILD_FLAGS) go build -ldflags="${GOVVV_FLAGS}" ./cmd/maild
	

clean-protos:
#  Phony target (prerequisite of .PHONY).
#  Implicit rule search has not been done.
#  File does not exist.
#  File has not been updated.
#  commands to execute (from `Makefile', line 73):
	find . -type f -name '*.pb.go' -delete
	find . -type f -name '*pb_test.go' -delete
	

build: /Users/wangjingxuan/go/bin/govvv-v0.3.0
#  Phony target (prerequisite of .PHONY).
#  Implicit rule search has not been done.
#  File does not exist.
#  File has not been updated.
#  commands to execute (from `Makefile', line 10):
	$(BIN_BUILD_FLAGS) go build -ldflags="${GOVVV_FLAGS}" ./...
	

build-releases: build-mail-release build-maild-release
#  Phony target (prerequisite of .PHONY).
#  Implicit rule search has not been done.
#  File does not exist.
#  File has not been updated.

# Not a target:
.bingo/protoc-gen-buf-check-breaking.mod:
#  Implicit rule search has not been done.
#  Modification time never checked.
#  File has not been updated.

install: /Users/wangjingxuan/go/bin/govvv-v0.3.0
#  Phony target (prerequisite of .PHONY).
#  Implicit rule search has not been done.
#  File does not exist.
#  File has not been updated.
#  commands to execute (from `Makefile', line 22):
	$(BIN_BUILD_FLAGS) go install -ldflags="${GOVVV_FLAGS}" ./...
	

# files hash-table stats:
# Load=39/1024=4%, Rehash=0, Collisions=6/110=5%
# VPATH Search Paths

# No `vpath' search paths.

# No general (`VPATH' variable) search path.

# # of strings in strcache: 2
# # of strcache buffers: 1
# strcache size: total = 4096 / max = 4096 / min = 4096 / avg = 4096
# strcache free: total = 4067 / max = 4067 / min = 4067 / avg = 4067

# Finished Make data base on Fri Jun 24 10:49:11 2022

 
